Performing C++ SOURCE FILE Test COMPILER_SUPPORTS_CXX_FLAGS failed with the following output:
Change Dir: /usera/sg568/ilcsoft_v01_17_07/DESYCollaboration/MarlinPandora/build/CMakeFiles/CMakeTmp

Run Build Command:/usr/bin/gmake "cmTryCompileExec/fast"
/usr/bin/gmake -f CMakeFiles/cmTryCompileExec.dir/build.make CMakeFiles/cmTryCompileExec.dir/build
gmake[1]: Entering directory `/var/clus/usera/sg568/ilcsoft_v01_17_07/DESYCollaboration/MarlinPandora/build/CMakeFiles/CMakeTmp'
/cvmfs/ilc.desy.de/sw/x86_64_gcc44_sl6/CMake/2.8.5/bin/cmake -E cmake_progress_report /usera/sg568/ilcsoft_v01_17_07/DESYCollaboration/MarlinPandora/build/CMakeFiles/CMakeTmp/CMakeFiles 1
Building CXX object CMakeFiles/cmTryCompileExec.dir/src.cxx.o
/usr/lib64/ccache/c++    -std=c++11  -DCOMPILER_SUPPORTS_CXX_FLAGS   -std=c++11 -o CMakeFiles/cmTryCompileExec.dir/src.cxx.o -c /usera/sg568/ilcsoft_v01_17_07/DESYCollaboration/MarlinPandora/build/CMakeFiles/CMakeTmp/src.cxx
cc1plus: error: unrecognized command line option "-std=c++11"
cc1plus: error: unrecognized command line option "-std=c++11"
gmake[1]: *** [CMakeFiles/cmTryCompileExec.dir/src.cxx.o] Error 1
gmake[1]: Leaving directory `/var/clus/usera/sg568/ilcsoft_v01_17_07/DESYCollaboration/MarlinPandora/build/CMakeFiles/CMakeTmp'
gmake: *** [cmTryCompileExec/fast] Error 2

Source file was:
int main() { return 0;}
Performing C++ SOURCE FILE Test COMPILER_SUPPORTS_CXX_FLAGS failed with the following output:
Change Dir: /usera/sg568/ilcsoft_v01_17_07/DESYCollaboration/MarlinPandora/build/CMakeFiles/CMakeTmp

Run Build Command:/usr/bin/gmake "cmTryCompileExec/fast"
/usr/bin/gmake -f CMakeFiles/cmTryCompileExec.dir/build.make CMakeFiles/cmTryCompileExec.dir/build
gmake[1]: Entering directory `/var/clus/usera/sg568/ilcsoft_v01_17_07/DESYCollaboration/MarlinPandora/build/CMakeFiles/CMakeTmp'
/cvmfs/ilc.desy.de/sw/x86_64_gcc44_sl6/CMake/2.8.5/bin/cmake -E cmake_progress_report /usera/sg568/ilcsoft_v01_17_07/DESYCollaboration/MarlinPandora/build/CMakeFiles/CMakeTmp/CMakeFiles 1
Building CXX object CMakeFiles/cmTryCompileExec.dir/src.cxx.o
/usr/lib64/ccache/c++    -std=c++11  -DCOMPILER_SUPPORTS_CXX_FLAGS   -std=c++11 -o CMakeFiles/cmTryCompileExec.dir/src.cxx.o -c /usera/sg568/ilcsoft_v01_17_07/DESYCollaboration/MarlinPandora/build/CMakeFiles/CMakeTmp/src.cxx
cc1plus: error: unrecognized command line option "-std=c++11"
cc1plus: error: unrecognized command line option "-std=c++11"
gmake[1]: *** [CMakeFiles/cmTryCompileExec.dir/src.cxx.o] Error 1
gmake[1]: Leaving directory `/var/clus/usera/sg568/ilcsoft_v01_17_07/DESYCollaboration/MarlinPandora/build/CMakeFiles/CMakeTmp'
gmake: *** [cmTryCompileExec/fast] Error 2

Source file was:
int main() { return 0;}
Performing C++ SOURCE FILE Test COMPILER_SUPPORTS_CXX_FLAGS failed with the following output:
Change Dir: /usera/sg568/ilcsoft_v01_17_07/DESYCollaboration/MarlinPandora/build/CMakeFiles/CMakeTmp

Run Build Command:/usr/bin/gmake "cmTryCompileExec/fast"
/usr/bin/gmake -f CMakeFiles/cmTryCompileExec.dir/build.make CMakeFiles/cmTryCompileExec.dir/build
gmake[1]: Entering directory `/var/clus/usera/sg568/ilcsoft_v01_17_07/DESYCollaboration/MarlinPandora/build/CMakeFiles/CMakeTmp'
/cvmfs/ilc.desy.de/sw/x86_64_gcc44_sl6/CMake/2.8.5/bin/cmake -E cmake_progress_report /usera/sg568/ilcsoft_v01_17_07/DESYCollaboration/MarlinPandora/build/CMakeFiles/CMakeTmp/CMakeFiles 1
Building CXX object CMakeFiles/cmTryCompileExec.dir/src.cxx.o
/usr/lib64/ccache/c++    -std=c++11  -DCOMPILER_SUPPORTS_CXX_FLAGS   -std=c++11 -o CMakeFiles/cmTryCompileExec.dir/src.cxx.o -c /usera/sg568/ilcsoft_v01_17_07/DESYCollaboration/MarlinPandora/build/CMakeFiles/CMakeTmp/src.cxx
cc1plus: error: unrecognized command line option "-std=c++11"
cc1plus: error: unrecognized command line option "-std=c++11"
gmake[1]: *** [CMakeFiles/cmTryCompileExec.dir/src.cxx.o] Error 1
gmake[1]: Leaving directory `/var/clus/usera/sg568/ilcsoft_v01_17_07/DESYCollaboration/MarlinPandora/build/CMakeFiles/CMakeTmp'
gmake: *** [cmTryCompileExec/fast] Error 2

Source file was:
int main() { return 0;}
